Starting project at /Users/soleilphoenix/Desktop/GameOver/game-over-app
Starting Metro Bundler
The following packages should be updated for best compatibility with the installed expo version:
  @shopify/flash-list@1.8.3 - expected version: 1.6.3
  expo-calendar@15.0.8 - expected version: ~12.2.1
  expo-clipboard@8.0.8 - expected version: ~5.0.1
  react-native@0.73.2 - expected version: 0.73.6
  react-native-svg@15.15.1 - expected version: 14.1.0
  jest@30.2.0 - expected version: ^29.3.1
Your project may not work correctly until you install the correct versions of the packages.
› Opening exp://192.168.0.145:8081 on iPhone 16e
- Fetching Expo Go
- Installing Expo Go on iPhone 16e
Waiting on http://localhost:8081
Logs for your project will appear below.
Error: Command failed: osascript -e tell app "System Events" to count processes whose name is "Simulator"
28:69: execution error: Keine Berechtigung zum Senden von Apple-Events an System Events. (-1743)

    at genericNodeError (node:internal/errors:983:15)
    at wrappedFn (node:internal/errors:537:14)
    at ChildProcess.exithandler (node:child_process:414:12)
    at ChildProcess.emit (node:events:518:28)
    at maybeClose (node:internal/child_process:1101:16)
    at Socket.<anonymous> (node:internal/child_process:456:11)
    at Socket.emit (node:events:518:28)
    at Pipe.<anonymous> (node:net:351:12)
